2026-05-22 14:42:50 | INFO | __main__ | player_impact_ratings table ready
2026-05-22 14:42:50 | INFO | __main__ | Loaded 28,658 stints for 2014-15 Regular Season
2026-05-22 14:42:50 | INFO | __main__ | Player pool: 492 players
2026-05-22 14:42:50 | INFO | __main__ | Net matrix: (28658, 492), 286,580 nonzero entries
2026-05-22 14:42:50 | INFO | __main__ | O/D matrix: (57316, 492), 286,580 nonzero entries
2026-05-22 14:42:51 | INFO | __main__ | Inserting 366 ratings for 2014-15 Regular Season
2026-05-22 14:42:51 | INFO | __main__ | RAPM  top 5: [(201939, 3.9374), (2738, 3.2425), (203110, 2.7313), (201935, 2.4758), (101108, 2.3968)]
2026-05-22 14:42:51 | INFO | __main__ | O-RAPM top5: [(2738, 17.329), (201627, 17.2242), (2571, 16.7851), (2446, 15.9628), (2210, 15.844)]
2026-05-22 14:42:51 | INFO | __main__ | D-RAPM top5: [(202335, 26.7135), (202694, 22.6208), (202683, 21.4049), (202693, 20.8374), (2200, 20.8122)]
2026-05-22 14:42:51 | INFO | __main__ | Loaded 1,996 stints for 2014-15 Playoffs
2026-05-22 14:42:51 | INFO | __main__ | Player pool: 196 players
2026-05-22 14:42:51 | INFO | __main__ | Net matrix: (1996, 196), 19,960 nonzero entries
2026-05-22 14:42:51 | INFO | __main__ | O/D matrix: (3992, 196), 19,960 nonzero entries
2026-05-22 14:42:51 | INFO | __main__ | Inserting 22 ratings for 2014-15 Playoffs
2026-05-22 14:42:51 | INFO | __main__ | RAPM  top 5: [(2747, 0.8855), (203110, 0.8396), (202697, 0.8346), (2738, 0.815), (202684, 0.7919)]
2026-05-22 14:42:51 | INFO | __main__ | O-RAPM top5: [(2747, 8.0583), (2592, 7.6331), (201147, 5.2212), (203521, 3.7397), (200755, 3.2597)]
2026-05-22 14:42:51 | INFO | __main__ | D-RAPM top5: [(203084, 9.2954), (201939, 7.9714), (203110, 4.2899), (201565, 3.5293), (2738, 2.0799)]
2026-05-22 14:42:51 | INFO | __main__ | Loaded 28,745 stints for 2015-16 Regular Season
2026-05-22 14:42:51 | INFO | __main__ | Player pool: 472 players
2026-05-22 14:42:51 | INFO | __main__ | Net matrix: (28745, 472), 287,450 nonzero entries
2026-05-22 14:42:52 | INFO | __main__ | O/D matrix: (57490, 472), 287,450 nonzero entries
2026-05-22 14:42:53 | INFO | __main__ | Inserting 358 ratings for 2015-16 Regular Season
2026-05-22 14:42:53 | INFO | __main__ | RAPM  top 5: [(200746, 4.0758), (203500, 3.3641), (201142, 3.0085), (202695, 2.7429), (2544, 2.6109)]
2026-05-22 14:42:53 | INFO | __main__ | O-RAPM top5: [(201196, 16.2908), (203187, 16.0891), (203613, 16.002), (203937, 15.6041), (203118, 15.2331)]
2026-05-22 14:42:53 | INFO | __main__ | D-RAPM top5: [(202331, 38.627), (101145, 34.3423), (201188, 32.1388), (101133, 27.8778), (2738, 25.8753)]
2026-05-22 14:42:53 | INFO | __main__ | Loaded 2,053 stints for 2015-16 Playoffs
2026-05-22 14:42:53 | INFO | __main__ | Player pool: 200 players
2026-05-22 14:42:53 | INFO | __main__ | Net matrix: (2053, 200), 20,530 nonzero entries
2026-05-22 14:42:53 | INFO | __main__ | O/D matrix: (4106, 200), 20,530 nonzero entries
2026-05-22 14:42:53 | INFO | __main__ | Inserting 27 ratings for 2015-16 Playoffs
2026-05-22 14:42:53 | INFO | __main__ | RAPM  top 5: [(201566, 1.3049), (203079, 1.0936), (201142, 0.8267), (203500, 0.66), (203460, 0.6555)]
2026-05-22 14:42:53 | INFO | __main__ | O-RAPM top5: [(203079, 11.2089), (201566, 7.7325), (203110, 5.6983), (202691, 5.6221), (201142, 4.6899)]
2026-05-22 14:42:53 | INFO | __main__ | D-RAPM top5: [(2747, 13.6188), (201942, 12.7842), (202681, 11.0003), (202687, 10.8577), (2544, 10.2243)]
2026-05-22 14:42:53 | INFO | __main__ | Loaded 28,626 stints for 2016-17 Regular Season
2026-05-22 14:42:53 | INFO | __main__ | Player pool: 481 players
2026-05-22 14:42:53 | INFO | __main__ | Net matrix: (28626, 481), 286,260 nonzero entries
2026-05-22 14:42:54 | INFO | __main__ | O/D matrix: (57252, 481), 286,260 nonzero entries
2026-05-22 14:42:54 | INFO | __main__ | Inserting 360 ratings for 2016-17 Regular Season
2026-05-22 14:42:54 | INFO | __main__ | RAPM  top 5: [(201939, 4.9667), (2738, 3.9548), (203110, 3.1043), (201935, 3.0214), (203546, 2.8581)]
2026-05-22 14:42:54 | INFO | __main__ | O-RAPM top5: [(203546, 19.3867), (203200, 18.655), (202722, 17.6654), (1626179, 16.1839), (2738, 15.9834)]
2026-05-22 14:42:54 | INFO | __main__ | D-RAPM top5: [(201609, 34.6293), (202355, 29.4982), (202337, 28.3554), (203585, 26.743), (201961, 25.1301)]
2026-05-22 14:42:54 | INFO | __main__ | Loaded 1,876 stints for 2016-17 Playoffs
2026-05-22 14:42:54 | INFO | __main__ | Player pool: 202 players
2026-05-22 14:42:54 | INFO | __main__ | Net matrix: (1876, 202), 18,760 nonzero entries
2026-05-22 14:42:54 | INFO | __main__ | O/D matrix: (3752, 202), 18,760 nonzero entries
2026-05-22 14:42:54 | INFO | __main__ | Inserting 20 ratings for 2016-17 Playoffs
2026-05-22 14:42:54 | INFO | __main__ | RAPM  top 5: [(201939, 1.4088), (201142, 1.3009), (2738, 1.2639), (203110, 1.1337), (202322, 0.6503)]
2026-05-22 14:42:54 | INFO | __main__ | O-RAPM top5: [(2738, 6.49), (202322, 5.8976), (203490, 4.5139), (203110, 3.6386), (201142, 3.3369)]
2026-05-22 14:42:54 | INFO | __main__ | D-RAPM top5: [(202681, 13.2899), (202684, 9.8266), (201567, 9.7061), (2772, 8.8871), (201935, 8.1581)]
2026-05-22 14:42:54 | INFO | __main__ | Loaded 28,553 stints for 2017-18 Regular Season
2026-05-22 14:42:54 | INFO | __main__ | Player pool: 533 players
2026-05-22 14:42:55 | INFO | __main__ | Net matrix: (28553, 533), 285,530 nonzero entries
2026-05-22 14:42:55 | INFO | __main__ | O/D matrix: (57106, 533), 285,530 nonzero entries
2026-05-22 14:42:55 | INFO | __main__ | Inserting 365 ratings for 2017-18 Regular Season
2026-05-22 14:42:55 | INFO | __main__ | RAPM  top 5: [(201569, 1.1857), (201939, 1.1675), (203991, 1.1367), (101108, 1.0663), (1627732, 0.974)]
2026-05-22 14:42:55 | INFO | __main__ | O-RAPM top5: [(201939, 1.9866), (201942, 1.9854), (201142, 1.7697), (203991, 1.6062), (101108, 1.3848)]
2026-05-22 14:42:55 | INFO | __main__ | D-RAPM top5: [(201950, 1.4596), (203497, 1.3482), (203496, 1.272), (203506, 1.2656), (2738, 1.1858)]
2026-05-22 14:42:55 | INFO | __main__ | Loaded 1,987 stints for 2017-18 Playoffs
2026-05-22 14:42:55 | INFO | __main__ | Player pool: 194 players
2026-05-22 14:42:55 | INFO | __main__ | Net matrix: (1987, 194), 19,870 nonzero entries
2026-05-22 14:42:55 | INFO | __main__ | O/D matrix: (3974, 194), 19,870 nonzero entries
2026-05-22 14:42:55 | INFO | __main__ | Inserting 24 ratings for 2017-18 Playoffs
2026-05-22 14:42:55 | INFO | __main__ | RAPM  top 5: [(201142, 0.46), (2733, 0.4199), (201156, 0.4106), (201935, 0.2947), (203991, 0.284)]
2026-05-22 14:42:55 | INFO | __main__ | O-RAPM top5: [(2733, 0.4576), (201142, 0.4205), (201143, 0.4076), (201939, 0.3755), (1626172, 0.3476)]
2026-05-22 14:42:55 | INFO | __main__ | D-RAPM top5: [(201142, 0.6299), (201156, 0.4179), (201935, 0.361), (2772, 0.3382), (2733, 0.3265)]
2026-05-22 14:42:55 | INFO | __main__ | Loaded 29,372 stints for 2018-19 Regular Season
2026-05-22 14:42:55 | INFO | __main__ | Player pool: 520 players
2026-05-22 14:42:56 | INFO | __main__ | Net matrix: (29372, 520), 293,720 nonzero entries
2026-05-22 14:42:56 | INFO | __main__ | O/D matrix: (58744, 520), 293,720 nonzero entries
2026-05-22 14:42:56 | INFO | __main__ | Inserting 373 ratings for 2018-19 Regular Season
2026-05-22 14:42:56 | INFO | __main__ | RAPM  top 5: [(201939, 1.6273), (201980, 1.3083), (202339, 1.0526), (203507, 1.0146), (203114, 0.9463)]
2026-05-22 14:42:56 | INFO | __main__ | O-RAPM top5: [(201939, 2.3544), (201980, 1.6937), (201142, 1.399), (202339, 1.2665), (203114, 1.2157)]
2026-05-22 14:42:56 | INFO | __main__ | D-RAPM top5: [(201939, 1.1658), (1628369, 1.1437), (204060, 1.0267), (202709, 1.0033), (201980, 0.9592)]
2026-05-22 14:42:56 | INFO | __main__ | Loaded 2,037 stints for 2018-19 Playoffs
2026-05-22 14:42:56 | INFO | __main__ | Player pool: 205 players
2026-05-22 14:42:56 | INFO | __main__ | Net matrix: (2037, 205), 20,370 nonzero entries
2026-05-22 14:42:56 | INFO | __main__ | O/D matrix: (4074, 205), 20,370 nonzero entries
2026-05-22 14:42:56 | INFO | __main__ | Inserting 25 ratings for 2018-19 Playoffs
2026-05-22 14:42:56 | INFO | __main__ | RAPM  top 5: [(202695, 0.41), (201188, 0.3905), (201980, 0.3562), (1626181, 0.3006), (201939, 0.2497)]
2026-05-22 14:42:56 | INFO | __main__ | O-RAPM top5: [(201939, 0.6098), (1626172, 0.5688), (202695, 0.5212), (203110, 0.4939), (202691, 0.4549)]
2026-05-22 14:42:56 | INFO | __main__ | D-RAPM top5: [(201980, 0.6408), (201188, 0.5683), (1626181, 0.454), (1627783, 0.3909), (203507, 0.3756)]
2026-05-22 14:42:57 | INFO | __main__ | Loaded 26,127 stints for 2019-20 Regular Season
2026-05-22 14:42:57 | INFO | __main__ | Player pool: 524 players
2026-05-22 14:42:57 | INFO | __main__ | Net matrix: (26127, 524), 261,270 nonzero entries
2026-05-22 14:42:57 | INFO | __main__ | O/D matrix: (52254, 524), 261,270 nonzero entries
2026-05-22 14:42:57 | INFO | __main__ | Inserting 362 ratings for 2019-20 Regular Season
2026-05-22 14:42:57 | INFO | __main__ | RAPM  top 5: [(202083, 1.1594), (1628978, 0.9459), (201588, 0.9412), (202695, 0.8639), (201572, 0.8572)]
2026-05-22 14:42:57 | INFO | __main__ | O-RAPM top5: [(201568, 2.1769), (1628389, 1.3026), (203463, 1.2292), (2546, 1.0608), (1627827, 1.0265)]
2026-05-22 14:42:57 | INFO | __main__ | D-RAPM top5: [(202083, 1.4967), (201580, 1.1963), (201572, 1.1516), (1627832, 1.1423), (1627783, 1.074)]
2026-05-22 14:42:57 | INFO | __main__ | Loaded 2,079 stints for 2019-20 Playoffs
2026-05-22 14:42:57 | INFO | __main__ | Player pool: 199 players
2026-05-22 14:42:57 | INFO | __main__ | Net matrix: (2079, 199), 20,790 nonzero entries
2026-05-22 14:42:58 | INFO | __main__ | O/D matrix: (4158, 199), 20,790 nonzero entries
2026-05-22 14:42:58 | INFO | __main__ | Inserting 22 ratings for 2019-20 Playoffs
2026-05-22 14:42:58 | INFO | __main__ | RAPM  top 5: [(203076, 0.4223), (2544, 0.3501), (1628398, 0.2897), (1627936, 0.235), (1629130, 0.2315)]
2026-05-22 14:42:58 | INFO | __main__ | O-RAPM top5: [(1629130, 0.5113), (202695, 0.4085), (1628389, 0.2937), (2544, 0.2789), (201609, 0.2684)]
2026-05-22 14:42:58 | INFO | __main__ | D-RAPM top5: [(1628369, 0.5364), (203076, 0.4286), (202689, 0.2932), (203935, 0.2736), (201935, 0.2544)]
2026-05-22 14:42:58 | INFO | __main__ | Loaded 25,099 stints for 2020-21 Regular Season
2026-05-22 14:42:58 | INFO | __main__ | Player pool: 540 players
2026-05-22 14:42:58 | INFO | __main__ | Net matrix: (25099, 540), 250,990 nonzero entries
2026-05-22 14:42:58 | INFO | __main__ | O/D matrix: (50198, 540), 250,990 nonzero entries
2026-05-22 14:42:58 | INFO | __main__ | Inserting 374 ratings for 2020-21 Regular Season
2026-05-22 14:42:59 | INFO | __main__ | RAPM  top 5: [(203497, 1.4991), (202695, 1.249), (204060, 1.1488), (203114, 1.0046), (201144, 0.9797)]
2026-05-22 14:42:59 | INFO | __main__ | O-RAPM top5: [(1629008, 1.6416), (1628969, 1.6281), (202695, 1.5374), (202681, 1.4086), (1626164, 1.3963)]
2026-05-22 14:42:59 | INFO | __main__ | D-RAPM top5: [(203497, 1.6858), (201144, 1.4759), (1627936, 1.0048), (1629308, 0.9727), (204060, 0.8958)]
2026-05-22 14:42:59 | INFO | __main__ | Loaded 2,040 stints for 2020-21 Playoffs
2026-05-22 14:42:59 | INFO | __main__ | Player pool: 223 players
2026-05-22 14:42:59 | INFO | __main__ | Net matrix: (2040, 223), 20,400 nonzero entries
2026-05-22 14:42:59 | INFO | __main__ | O/D matrix: (4080, 223), 20,400 nonzero entries
2026-05-22 14:42:59 | INFO | __main__ | Inserting 22 ratings for 2020-21 Playoffs
2026-05-22 14:42:59 | INFO | __main__ | RAPM  top 5: [(201950, 0.4122), (1626164, 0.3482), (1629028, 0.3208), (201572, 0.3099), (201587, 0.3029)]
2026-05-22 14:42:59 | INFO | __main__ | O-RAPM top5: [(202704, 0.6781), (201587, 0.5928), (202331, 0.5294), (1628969, 0.458), (1629028, 0.3655)]
2026-05-22 14:42:59 | INFO | __main__ | D-RAPM top5: [(1626164, 0.7346), (201572, 0.6882), (203109, 0.5985), (201950, 0.5947), (201142, 0.5511)]
2026-05-22 14:42:59 | INFO | __main__ | Loaded 28,879 stints for 2021-22 Regular Season
2026-05-22 14:42:59 | INFO | __main__ | Player pool: 589 players
2026-05-22 14:42:59 | INFO | __main__ | Net matrix: (28879, 589), 288,790 nonzero entries
2026-05-22 14:42:59 | INFO | __main__ | O/D matrix: (57758, 589), 288,790 nonzero entries
2026-05-22 14:43:00 | INFO | __main__ | Inserting 394 ratings for 2021-22 Regular Season
2026-05-22 14:43:00 | INFO | __main__ | RAPM  top 5: [(1628369, 1.6318), (201950, 1.2177), (201143, 1.0562), (1628969, 0.9277), (1626145, 0.9028)]
2026-05-22 14:43:00 | INFO | __main__ | O-RAPM top5: [(201950, 1.6894), (1629027, 1.4172), (1629028, 1.4163), (203954, 1.3911), (1626164, 1.379)]
2026-05-22 14:43:00 | INFO | __main__ | D-RAPM top5: [(1628369, 1.7265), (201939, 1.3405), (201143, 1.1135), (1629057, 1.0998), (1629026, 1.0851)]
2026-05-22 14:43:00 | INFO | __main__ | Loaded 2,078 stints for 2021-22 Playoffs
2026-05-22 14:43:00 | INFO | __main__ | Player pool: 205 players
2026-05-22 14:43:00 | INFO | __main__ | Net matrix: (2078, 205), 20,780 nonzero entries
2026-05-22 14:43:00 | INFO | __main__ | O/D matrix: (4156, 205), 20,780 nonzero entries
2026-05-22 14:43:00 | INFO | __main__ | Inserting 21 ratings for 2021-22 Playoffs
2026-05-22 14:43:00 | INFO | __main__ | RAPM  top 5: [(1627759, 0.3545), (1629216, 0.3207), (1629673, 0.2954), (203935, 0.2665), (201143, 0.2583)]
2026-05-22 14:43:00 | INFO | __main__ | O-RAPM top5: [(1628467, 0.4542), (1627827, 0.367), (1628969, 0.2844), (1629673, 0.2691), (201939, 0.2633)]
2026-05-22 14:43:00 | INFO | __main__ | D-RAPM top5: [(1629673, 0.5063), (203935, 0.4834), (1629684, 0.4755), (201143, 0.4454), (201939, 0.435)]
2026-05-22 14:43:00 | INFO | __main__ | Loaded 28,783 stints for 2022-23 Regular Season
2026-05-22 14:43:00 | INFO | __main__ | Player pool: 531 players
2026-05-22 14:43:00 | INFO | __main__ | Net matrix: (28783, 531), 287,830 nonzero entries
2026-05-22 14:43:00 | INFO | __main__ | O/D matrix: (57566, 531), 287,830 nonzero entries
2026-05-22 14:43:01 | INFO | __main__ | Inserting 379 ratings for 2022-23 Regular Season
2026-05-22 14:43:01 | INFO | __main__ | RAPM  top 5: [(203932, 1.1555), (201950, 1.1509), (1628369, 1.1087), (1628401, 0.9754), (203954, 0.964)]
2026-05-22 14:43:01 | INFO | __main__ | O-RAPM top5: [(1628369, 1.6116), (1629008, 1.4373), (203932, 1.3735), (201950, 1.3044), (1629029, 1.302)]
2026-05-22 14:43:01 | INFO | __main__ | D-RAPM top5: [(1630193, 1.4563), (1630217, 0.9892), (201942, 0.9839), (1628372, 0.9639), (1628975, 0.9425)]
2026-05-22 14:43:01 | INFO | __main__ | Loaded 1,943 stints for 2022-23 Playoffs
2026-05-22 14:43:01 | INFO | __main__ | Player pool: 203 players
2026-05-22 14:43:01 | INFO | __main__ | Net matrix: (1943, 203), 19,430 nonzero entries
2026-05-22 14:43:01 | INFO | __main__ | O/D matrix: (3886, 203), 19,430 nonzero entries
2026-05-22 14:43:01 | INFO | __main__ | Inserting 29 ratings for 2022-23 Playoffs
2026-05-22 14:43:01 | INFO | __main__ | RAPM  top 5: [(1627750, 0.4539), (1629008, 0.4417), (203932, 0.3062), (1628971, 0.2847), (203484, 0.2518)]
2026-05-22 14:43:01 | INFO | __main__ | O-RAPM top5: [(1627750, 0.6158), (203484, 0.5474), (1628971, 0.5044), (201145, 0.4703), (201142, 0.4582)]
2026-05-22 14:43:01 | INFO | __main__ | D-RAPM top5: [(2544, 0.5218), (1629008, 0.4798), (1630559, 0.3583), (1629622, 0.2352), (1629020, 0.2332)]
2026-05-22 14:43:01 | INFO | __main__ | Loaded 28,372 stints for 2023-24 Regular Season
2026-05-22 14:43:01 | INFO | __main__ | Player pool: 562 players
2026-05-22 14:43:01 | INFO | __main__ | Net matrix: (28372, 562), 283,720 nonzero entries
2026-05-22 14:43:02 | INFO | __main__ | O/D matrix: (56744, 562), 283,720 nonzero entries
2026-05-22 14:43:02 | INFO | __main__ | Inserting 379 ratings for 2023-24 Regular Season
2026-05-22 14:43:02 | INFO | __main__ | RAPM  top 5: [(1628369, 1.5009), (1630202, 1.3043), (1628983, 1.2557), (203081, 1.0635), (203484, 1.0024)]
2026-05-22 14:43:02 | INFO | __main__ | O-RAPM top5: [(203081, 1.9246), (1628369, 1.6154), (1630202, 1.5009), (1628983, 1.4859), (203957, 1.3949)]
2026-05-22 14:43:02 | INFO | __main__ | D-RAPM top5: [(1629675, 1.371), (1641717, 1.1803), (1628983, 1.1636), (1628371, 1.1526), (1629656, 1.0567)]
2026-05-22 14:43:02 | INFO | __main__ | Loaded 1,925 stints for 2023-24 Playoffs
2026-05-22 14:43:02 | INFO | __main__ | Player pool: 201 players
2026-05-22 14:43:02 | INFO | __main__ | Net matrix: (1925, 201), 19,250 nonzero entries
2026-05-22 14:43:02 | INFO | __main__ | O/D matrix: (3850, 201), 19,250 nonzero entries
2026-05-22 14:43:02 | INFO | __main__ | Inserting 21 ratings for 2023-24 Playoffs
2026-05-22 14:43:02 | INFO | __main__ | RAPM  top 5: [(1628369, 0.4542), (201950, 0.4135), (201143, 0.3971), (1641726, 0.2924), (1630169, 0.2308)]
2026-05-22 14:43:02 | INFO | __main__ | O-RAPM top5: [(201950, 0.7463), (1630169, 0.6287), (201143, 0.605), (1628369, 0.6034), (1626167, 0.601)]
2026-05-22 14:43:02 | INFO | __main__ | D-RAPM top5: [(1628401, 0.2564), (1628369, 0.2127), (1630167, 0.1926), (201143, 0.1878), (1627759, 0.1231)]
2026-05-22 14:43:02 | INFO | __main__ | Loaded 29,186 stints for 2024-25 Regular Season
2026-05-22 14:43:02 | INFO | __main__ | Player pool: 562 players
2026-05-22 14:43:02 | INFO | __main__ | Net matrix: (29186, 562), 291,860 nonzero entries
2026-05-22 14:43:03 | INFO | __main__ | O/D matrix: (58372, 562), 291,860 nonzero entries
2026-05-22 14:43:03 | INFO | __main__ | Inserting 400 ratings for 2024-25 Regular Season
2026-05-22 14:43:03 | INFO | __main__ | RAPM  top 5: [(1630198, 1.7125), (1628983, 1.6715), (1630202, 1.2554), (1629652, 1.2541), (1628386, 1.1916)]
2026-05-22 14:43:03 | INFO | __main__ | O-RAPM top5: [(203999, 2.2444), (1631128, 1.8178), (1630596, 1.6172), (1630169, 1.5445), (1629636, 1.5318)]
2026-05-22 14:43:03 | INFO | __main__ | D-RAPM top5: [(1630198, 1.6405), (1641717, 1.3477), (1628983, 1.3004), (1630598, 1.1495), (1631172, 1.086)]
2026-05-22 14:43:03 | INFO | __main__ | Loaded 2,087 stints for 2024-25 Playoffs
2026-05-22 14:43:03 | INFO | __main__ | Player pool: 205 players
2026-05-22 14:43:03 | INFO | __main__ | Net matrix: (2087, 205), 20,870 nonzero entries
2026-05-22 14:43:03 | INFO | __main__ | O/D matrix: (4174, 205), 20,870 nonzero entries
2026-05-22 14:43:03 | INFO | __main__ | Inserting 24 ratings for 2024-25 Playoffs
2026-05-22 14:43:03 | INFO | __main__ | RAPM  top 5: [(1628983, 0.5042), (1630169, 0.4163), (1631096, 0.4031), (1627936, 0.4001), (1627783, 0.3633)]
2026-05-22 14:43:03 | INFO | __main__ | O-RAPM top5: [(1630169, 0.7941), (1626167, 0.6832), (1627783, 0.5391), (1628983, 0.4939), (1630174, 0.4372)]
2026-05-22 14:43:03 | INFO | __main__ | D-RAPM top5: [(1627936, 0.7789), (1631096, 0.6735), (1630174, 0.4773), (1629652, 0.392), (1641717, 0.3626)]
2026-05-22 14:43:03 | INFO | __main__ | Loaded 30,929 stints for 2025-26 Regular Season
2026-05-22 14:43:03 | INFO | __main__ | Player pool: 575 players
2026-05-22 14:43:04 | INFO | __main__ | Net matrix: (30929, 575), 309,290 nonzero entries
2026-05-22 14:43:04 | INFO | __main__ | O/D matrix: (61858, 575), 309,290 nonzero entries
2026-05-22 14:43:04 | INFO | __main__ | Inserting 397 ratings for 2025-26 Regular Season
2026-05-22 14:43:04 | INFO | __main__ | RAPM  top 5: [(1628983, 1.7154), (1630202, 1.3382), (1641705, 1.1467), (1628401, 1.1135), (1628973, 1.0817)]
2026-05-22 14:43:04 | INFO | __main__ | O-RAPM top5: [(1627750, 1.8861), (203999, 1.7556), (1628983, 1.4755), (1628973, 1.3985), (1630170, 1.3578)]
2026-05-22 14:43:04 | INFO | __main__ | D-RAPM top5: [(1628983, 1.85), (1641709, 1.2745), (1641705, 1.2568), (1631096, 1.232), (1630194, 1.1901)]
2026-05-22 14:43:04 | INFO | __main__ | Loaded 400 stints for 2025-26 Playoffs
2026-05-22 14:43:04 | INFO | __main__ | Player pool: 168 players
2026-05-22 14:43:04 | INFO | __main__ | Net matrix: (400, 168), 4,000 nonzero entries
2026-05-22 14:43:04 | INFO | __main__ | O/D matrix: (800, 168), 4,000 nonzero entries
2026-05-22 14:43:04 | INFO | __main__ | Inserting 0 ratings for 2025-26 Playoffs
2026-05-22 14:43:04 | INFO | __main__ | RAPM  top 5: []
2026-05-22 14:43:04 | INFO | __main__ | O-RAPM top5: []
2026-05-22 14:43:04 | INFO | __main__ | D-RAPM top5: []
2026-05-22 14:43:04 | INFO | __main__ | Done

